http://www5a.biglobe.ne.jp/~todoroki/nct.htm
のサイト保存を開始しました･･･
  コードを変換＆リンク先を調査中…
  244個のリンク先が見つかりました。
  リンク内容をチェック中･･･
  埋め込みデータをＤＬ中…
    fm_t_1_1_q.pdf
    fm_t_1_1_p.pdf
    fm_p_1_1.pdf
    fm_t_1_2_q.pdf
    fm_t_1_2_p.pdf
    fm_p_1_2.pdf
    fm_t_2_1_q.pdf
    fm_t_2_1_p.pdf
    fm_p_2_1.pdf
    fm_t_2_2_q.pdf
    fm_t_2_2_p.pdf
    fm_p_2_2.pdf
    fm_t_3_1_q.pdf
    fm_t_3_1_p.pdf
    fm_p_3_1.pdf
    fm_t_3_2_q.pdf
    fm_t_3_2_p.pdf
    fm_p_3_2.pdf
    fm_t_4_1_q.pdf
    fm_t_4_1_p.pdf
    fm_p_4_1.pdf
    fm_t_4_2_q.pdf
    fm_t_4_2_p.pdf
    fm_p_4_2.pdf
    fm_t_5_1_q.pdf
    fm_t_5_1_p.pdf
    fm_p_5_1.pdf
    fm_t_5_2_q.pdf
    fm_t_5_2_p.pdf
    fm_p_5_2.pdf
    fm_t_5_3_q.pdf
    fm_t_5_3_p.pdf
    fm_p_5_3.pdf
    fm_t_6_1_q.pdf
    fm_t_6_1_p.pdf
    fm_p_6_1.pdf
    fm_t_6_2_q.pdf
    fm_t_6_2_p.pdf
    fm_p_6_2.pdf
    fm_t_7_1_q.pdf
    fm_t_7_1_p.pdf
    fm_p_7_1.pdf
    fm_t_7_2_q.pdf
    fm_t_7_2_p.pdf
    fm_p_7_2.pdf
    la_t_1_1_q.pdf
    la_t_1_1_p.pdf
    la_p_1_1.pdf
    la_t_1_2_q.pdf
    la_t_1_2_p.pdf
    la_p_1_2.pdf
    la_t_2_1_q.pdf
    la_t_2_1_p.pdf
    la_p_2_1.pdf
    la_t_2_2_q.pdf
    la_t_2_2_p.pdf
    la_p_2_2.pdf
    la_t_3_1_q.pdf
    la_t_3_1_p.pdf
    la_p_3_1.pdf
    la_t_3_2_q.pdf
    la_t_3_2_p.pdf
    la_p_3_2.pdf
    la_t_4_1_q.pdf
    la_t_4_1_p.pdf
    la_p_4_1.pdf
    la_t_4_2_q.pdf
    la_t_4_2_p.pdf
    la_p_4_2.pdf
    di_1_t_1_1_q.pdf
    di_1_t_1_1_p.pdf
    di_1_p_1_1.pdf
    di_1_t_1_2_q.pdf
    di_1_t_1_2_p.pdf
    di_1_p_1_2.pdf
    di_1_t_2_1_q.pdf
    di_1_t_2_1_p.pdf
    di_1_p_2_1.pdf
    di_1_t_2_2_q.pdf
    di_1_t_2_2_p.pdf
    di_1_p_2_2.pdf
    di_1_t_3_1_q.pdf
    di_1_t_3_1_p.pdf
    di_1_p_3_1.pdf
    di_1_t_3_2_q.pdf
    di_1_t_3_2_p.pdf
    di_1_p_3_2.pdf
    di_1_t_4_1_q.pdf
    di_1_t_4_1_p.pdf
    di_1_p_4_1.pdf
    di_1_t_4_2_q.pdf
    di_1_t_4_2_p.pdf
    di_1_p_4_2.pdf
    di_2_t_1_1_q.pdf
    di_2_t_1_1_p.pdf
    di_2_p_1_1.pdf
    di_2_t_2_1_q.pdf
    di_2_t_2_1_p.pdf
    di_2_p_2_1.pdf
    di_2_t_2_2_q.pdf
    di_2_t_2_2_p.pdf
    di_2_p_2_2.pdf
    di_2_t_3_1_q.pdf
    di_2_t_3_1_p.pdf
    di_2_p_3_1.pdf
    di_2_t_3_2_q.pdf
    di_2_t_3_2_p.pdf
    di_2_p_3_2.pdf
    di_2_t_4_1_q.pdf
    di_2_t_4_1_p.pdf
    di_2_p_4_1.pdf
    di_2_t_4_2_q.pdf
    di_2_t_4_2_p.pdf
    di_2_p_4_2.pdf
    di_2_t_5_1_q.pdf
    di_2_t_5_1_p.pdf
    di_2_p_5_1.pdf
    ps_p_1_2.pdf
    am_p_1_1.pdf
    am_p_1_2.pdf
    am_p_1_3.pdf
    am_p_2_1.pdf
    am_p_2_2.pdf
    am_p_4_1.pdf
    logo.gif
  埋め込みデータのＤＬを完了。
http://www5a.biglobe.ne.jp/~todoroki/mainstyle.cssからＤＬ中…
  階層ナンバー: 0   (R.Func:1 )
  コードを変換＆リンク先を調査中…
  2個のリンク先が見つかりました。
  リンク内容をチェック中･･･
  埋め込みデータをＤＬ中…
    FB-f-Logo__blue_29.png
    teitter-Logo.png
  埋め込みデータのＤＬを完了。
ページ「･･･.ne.jp/~todoroki/mainstyle.css」のコンプリートに失敗。
http://www5a.biglobe.ne.jp/~todoroki/index.htmlからＤＬ中…
  階層ナンバー: 0   (R.Func:1 )
  コードを変換＆リンク先を調査中…
  21個のリンク先が見つかりました。
  リンク内容をチェック中･･･
  埋め込みデータをＤＬ中…
    top.jpg
  埋め込みデータのＤＬを完了。
http://www5a.biglobe.ne.jp/~todoroki/mainstyle.cssからＤＬ中…
  階層ナンバー: 0   (R.Func:2 )
  このページはすでにＤＬ済みです。
http://www5a.biglobe.ne.jp/~todoroki/t_m.htmからＤＬ中…
  階層ナンバー: 0   (R.Func:2 )
  コードを変換＆リンク先を調査中…
  73個のリンク先が見つかりました。
  リンク内容をチェック中･･･
  埋め込みデータをＤＬ中…
    SQLJ1_q_sample.pdf
    SQLJ1_a_sample.pdf
    SQLJ1_1_q_sample.pdf
    SQLJ1_1_a_sample.pdf
    SQLJ1_2_q_sample.pdf
    SQLJ1_2_a_sample.pdf
    SQLJ1_3_q_sample.pdf
    SQLJ1_3_a_sample.pdf
    SQLJ1_4_q_sample.pdf
    SQLJ1_4_a_sample.pdf
    SQLJ1_5_q_sample.pdf
    SQLJ1_5_a_sample.pdf
    SQLJ1_6_q_sample.pdf
    SQLJ1_6_a_sample.pdf
    SQLJ1_7_q_sample.pdf
    SQLJ1_7_a_sample.pdf
    sample_eeQ10_2018.pdf
    sample_eeQ10_2017.pdf
    sample_eeQ10_2016.pdf
    sample_eeQ10_2015.pdf
    sample_EE_Q1_T_2017.pdf
    sample_EE_Q1_T_2016.pdf
    sample_EE_Q1_tokyo_2015.pdf
    sample_EE_Q123_KANAGAWA_2016.pdf
    sample_EE_Q123_KANAGAWA_2014.pdf
    sql_ji.gif
    pdf_2.gif
    EE_Q1_NAGANO_2018.gif
    EE_Q1_NAGANO_2017.gif
    EE_Q1_NAGANO_2016.gif
    EE_Q1_NAGANO_2015.gif
    EE_Q1_TOKYO_2017.gif
    EE_Q1_TOKYO_2016.gif
    EE_Q1_TOKYO_2015.gif
    EE_Q123_KANAGAWA_2016.gif
    EE_Q123_KANAGAWA_2015.gif
  埋め込みデータのＤＬを完了。
http://www5a.biglobe.ne.jp/~todoroki/mainstyle.cssからＤＬ中…
  階層ナンバー: 0   (R.Func:3 )
  このページはすでにＤＬ済みです。
http://www5a.biglobe.ne.jp/~todoroki/index.htmlからＤＬ中…
  階層ナンバー: 0   (R.Func:3 )
  このページはすでにＤＬ済みです。
http://www5a.biglobe.ne.jp/~todoroki/index.htmからＤＬ中…
  階層ナンバー: 0   (R.Func:3 )
  コードを変換＆リンク先を調査中…
  21個のリンク先が見つかりました。
  リンク内容をチェック中･･･
http://www5a.biglobe.ne.jp/~todoroki/mainstyle.cssからＤＬ中…
  階層ナンバー: 0   (R.Func:4 )
  このページはすでにＤＬ済みです。
http://www5a.biglobe.ne.jp/~todoroki/t_m.htmからＤＬ中…
  階層ナンバー: 0   (R.Func:4 )
  このページはすでにＤＬ済みです。
http://www5a.biglobe.ne.jp/~todoroki/index.htmからＤＬ中…
  階層ナンバー: 0   (R.Func:4 )
  このページはすでにＤＬ済みです。
http://www5a.biglobe.ne.jp/~todoroki/i.htmからＤＬ中…
  階層ナンバー: 0   (R.Func:4 )
  コードを変換＆リンク先を調査中…
  19個のリンク先が見つかりました。
  リンク内容をチェック中･･･
  埋め込みデータをＤＬ中…
    i.jpg
  埋め込みデータのＤＬを完了。
http://www5a.biglobe.ne.jp/~todoroki/mainstyle.cssからＤＬ中…
  階層ナンバー: 0   (R.Func:5 )
  このページはすでにＤＬ済みです。
http://www5a.biglobe.ne.jp/~todoroki/c.htmからＤＬ中…
  階層ナンバー: 0   (R.Func:5 )
  コードを変換＆リンク先を調査中…
  19個のリンク先が見つかりました。
  リンク内容をチェック中･･･
  埋め込みデータをＤＬ中…
    c.jpg
  埋め込みデータのＤＬを完了。
http://www5a.biglobe.ne.jp/~todoroki/mainstyle.cssからＤＬ中…
  階層ナンバー: 0   (R.Func:6 )
  このページはすでにＤＬ済みです。
http://www5a.biglobe.ne.jp/~todoroki/index.htmからＤＬ中…
  階層ナンバー: 0   (R.Func:6 )
  このページはすでにＤＬ済みです。
http://www5a.biglobe.ne.jp/~todoroki/i.htmからＤＬ中…
  階層ナンバー: 0   (R.Func:6 )
  このページはすでにＤＬ済みです。
http://www5a.biglobe.ne.jp/~todoroki/p.htmからＤＬ中…
  階層ナンバー: 0   (R.Func:6 )
  コードを変換＆リンク先を調査中…
  19個のリンク先が見つかりました。
  リンク内容をチェック中･･･
  埋め込みデータをＤＬ中…
    p.jpg
  埋め込みデータのＤＬを完了。
http://www5a.biglobe.ne.jp/~todoroki/mainstyle.cssからＤＬ中…
  階層ナンバー: 0   (R.Func:7 )
  このページはすでにＤＬ済みです。
http://www5a.biglobe.ne.jp/~todoroki/index.htmからＤＬ中…
  階層ナンバー: 0   (R.Func:7 )
  このページはすでにＤＬ済みです。
http://www5a.biglobe.ne.jp/~todoroki/i.htmからＤＬ中…
  階層ナンバー: 0   (R.Func:7 )
  このページはすでにＤＬ済みです。
http://www5a.biglobe.ne.jp/~todoroki/p.htmからＤＬ中…
  階層ナンバー: 0   (R.Func:7 )
  このページはすでにＤＬ済みです。
http://www5a.biglobe.ne.jp/~todoroki/c.htmからＤＬ中…
  階層ナンバー: 0   (R.Func:7 )
  このページはすでにＤＬ済みです。
http://www5a.biglobe.ne.jp/~todoroki/e.htmからＤＬ中…
  階層ナンバー: 0   (R.Func:7 )
  コードを変換＆リンク先を調査中…
  19個のリンク先が見つかりました。
  リンク内容をチェック中･･･
  埋め込みデータをＤＬ中…
    e.jpg
  埋め込みデータのＤＬを完了。
http://www5a.biglobe.ne.jp/~todoroki/mainstyle.cssからＤＬ中…
  階層ナンバー: 0   (R.Func:8 )
  このページはすでにＤＬ済みです。
http://www5a.biglobe.ne.jp/~todoroki/index.htmからＤＬ中…
  階層ナンバー: 0   (R.Func:8 )
  このページはすでにＤＬ済みです。
http://www5a.biglobe.ne.jp/~todoroki/i.htmからＤＬ中…
  階層ナンバー: 0   (R.Func:8 )
  このページはすでにＤＬ済みです。
http://www5a.biglobe.ne.jp/~todoroki/p.htmからＤＬ中…
  階層ナンバー: 0   (R.Func:8 )
  このページはすでにＤＬ済みです。
http://www5a.biglobe.ne.jp/~todoroki/c.htmからＤＬ中…
  階層ナンバー: 0   (R.Func:8 )
  このページはすでにＤＬ済みです。
http://www5a.biglobe.ne.jp/~todoroki/e.htmからＤＬ中…
  階層ナンバー: 0   (R.Func:8 )
  このページはすでにＤＬ済みです。
http://www5a.biglobe.ne.jp/~todoroki/r.htmからＤＬ中…
  階層ナンバー: 0   (R.Func:8 )
  コードを変換＆リンク先を調査中…
  19個のリンク先が見つかりました。
  リンク内容をチェック中･･･
  埋め込みデータをＤＬ中…
    r.jpg
  埋め込みデータのＤＬを完了。
http://www5a.biglobe.ne.jp/~todoroki/mainstyle.cssからＤＬ中…
  階層ナンバー: 0   (R.Func:9 )
  このページはすでにＤＬ済みです。
http://www5a.biglobe.ne.jp/~todoroki/index.htmからＤＬ中…
  階層ナンバー: 0   (R.Func:9 )
  このページはすでにＤＬ済みです。
http://www5a.biglobe.ne.jp/~todoroki/i.htmからＤＬ中…
  階層ナンバー: 0   (R.Func:9 )
  このページはすでにＤＬ済みです。
http://www5a.biglobe.ne.jp/~todoroki/p.htmからＤＬ中…
  階層ナンバー: 0   (R.Func:9 )
  このページはすでにＤＬ済みです。
http://www5a.biglobe.ne.jp/~todoroki/c.htmからＤＬ中…
  階層ナンバー: 0   (R.Func:9 )
  このページはすでにＤＬ済みです。
http://www5a.biglobe.ne.jp/~todoroki/e.htmからＤＬ中…
  階層ナンバー: 0   (R.Func:9 )
  このページはすでにＤＬ済みです。
http://www5a.biglobe.ne.jp/~todoroki/r.htmからＤＬ中…
  階層ナンバー: 0   (R.Func:9 )
  このページはすでにＤＬ済みです。
http://www5a.biglobe.ne.jp/~todoroki/map.htmからＤＬ中…
  階層ナンバー: 0   (R.Func:9 )
  コードを変換＆リンク先を調査中…
  21個のリンク先が見つかりました。
  リンク内容をチェック中･･･
  埋め込みデータをＤＬ中…
    map.jpg
  埋め込みデータのＤＬを完了。
http://www5a.biglobe.ne.jp/~todoroki/mainstyle.cssからＤＬ中…
  階層ナンバー: 0   (R.Func:10 )
  このページはすでにＤＬ済みです。
http://www5a.biglobe.ne.jp/~todoroki/index.htmからＤＬ中…
  階層ナンバー: 0   (R.Func:10 )
  このページはすでにＤＬ済みです。
http://www5a.biglobe.ne.jp/~todoroki/i.htmからＤＬ中…
  階層ナンバー: 0   (R.Func:10 )
  このページはすでにＤＬ済みです。
http://www5a.biglobe.ne.jp/~todoroki/p.htmからＤＬ中…
  階層ナンバー: 0   (R.Func:10 )
  このページはすでにＤＬ済みです。
http://www5a.biglobe.ne.jp/~todoroki/c.htmからＤＬ中…
  階層ナンバー: 0   (R.Func:10 )
  このページはすでにＤＬ済みです。
http://www5a.biglobe.ne.jp/~todoroki/e.htmからＤＬ中…
  階層ナンバー: 0   (R.Func:10 )
  このページはすでにＤＬ済みです。
http://www5a.biglobe.ne.jp/~todoroki/r.htmからＤＬ中…
  階層ナンバー: 0   (R.Func:10 )
  このページはすでにＤＬ済みです。
http://www5a.biglobe.ne.jp/~todoroki/map.htmからＤＬ中…
  階層ナンバー: 0   (R.Func:10 )
  このページはすでにＤＬ済みです。
http://www5a.biglobe.ne.jp/~todoroki/psi.htmからＤＬ中…
  階層ナンバー: 0   (R.Func:10 )
  コードを変換＆リンク先を調査中…
  259個のリンク先が見つかりました。
  リンク内容をチェック中･･･
  埋め込みデータをＤＬ中…
    pic_6.jpg
    noscript.gif
  埋め込みデータのＤＬを完了。
http://www5a.biglobe.ne.jp/~todoroki/mainstyle.cssからＤＬ中…
  階層ナンバー: 0   (R.Func:11 )
  このページはすでにＤＬ済みです。
http://www5a.biglobe.ne.jp/~todoroki/index.htmからＤＬ中…
  階層ナンバー: 0   (R.Func:11 )
  このページはすでにＤＬ済みです。
http://www5a.biglobe.ne.jp/~todoroki/i.htmからＤＬ中…
  階層ナンバー: 0   (R.Func:11 )
  このページはすでにＤＬ済みです。
http://www5a.biglobe.ne.jp/~todoroki/p.htmからＤＬ中…
  階層ナンバー: 0   (R.Func:11 )
  このページはすでにＤＬ済みです。
http://www5a.biglobe.ne.jp/~todoroki/c.htmからＤＬ中…
  階層ナンバー: 0   (R.Func:11 )
  このページはすでにＤＬ済みです。
http://www5a.biglobe.ne.jp/~todoroki/e.htmからＤＬ中…
  階層ナンバー: 0   (R.Func:11 )
  このページはすでにＤＬ済みです。
http://www5a.biglobe.ne.jp/~todoroki/r.htmからＤＬ中…
  階層ナンバー: 0   (R.Func:11 )
  このページはすでにＤＬ済みです。
http://www5a.biglobe.ne.jp/~todoroki/map.htmからＤＬ中…
  階層ナンバー: 0   (R.Func:11 )
  このページはすでにＤＬ済みです。
http://www5a.biglobe.ne.jp/~todoroki/psi.htmからＤＬ中…
  階層ナンバー: 0   (R.Func:11 )
  このページはすでにＤＬ済みです。
http://www5a.biglobe.ne.jp/~todoroki/jhs.htmからＤＬ中…
  階層ナンバー: 0   (R.Func:11 )
  コードを変換＆リンク先を調査中…
  35個のリンク先が見つかりました。
  リンク内容をチェック中･･･
  埋め込みデータをＤＬ中…
    1_06_01.pdf
    2_04_01.pdf
    3_04_01.pdf
    3_05_01.pdf
    jh_1_01.gif
    jh_2_01.gif
    jh_3_01.gif
    jh_3_02.gif
  埋め込みデータのＤＬを完了。
http://www5a.biglobe.ne.jp/~todoroki/mainstyle.cssからＤＬ中…
  階層ナンバー: 0   (R.Func:12 )
  このページはすでにＤＬ済みです。
http://www5a.biglobe.ne.jp/~todoroki/index.htmlからＤＬ中…
  階層ナンバー: 0   (R.Func:12 )
  このページはすでにＤＬ済みです。
http://www5a.biglobe.ne.jp/~todoroki/t_m.htmからＤＬ中…
  階層ナンバー: 0   (R.Func:12 )
  このページはすでにＤＬ済みです。
http://www5a.biglobe.ne.jp/~todoroki/index.htmからＤＬ中…
  階層ナンバー: 0   (R.Func:12 )
  このページはすでにＤＬ済みです。
http://www5a.biglobe.ne.jp/~todoroki/i.htmからＤＬ中…
  階層ナンバー: 0   (R.Func:12 )
  このページはすでにＤＬ済みです。
http://www5a.biglobe.ne.jp/~todoroki/p.htmからＤＬ中…
  階層ナンバー: 0   (R.Func:12 )
  このページはすでにＤＬ済みです。
http://www5a.biglobe.ne.jp/~todoroki/c.htmからＤＬ中…
  階層ナンバー: 0   (R.Func:12 )
  このページはすでにＤＬ済みです。
http://www5a.biglobe.ne.jp/~todoroki/e.htmからＤＬ中…
  階層ナンバー: 0   (R.Func:12 )
  このページはすでにＤＬ済みです。
http://www5a.biglobe.ne.jp/~todoroki/r.htmからＤＬ中…
  階層ナンバー: 0   (R.Func:12 )
  このページはすでにＤＬ済みです。
http://www5a.biglobe.ne.jp/~todoroki/map.htmからＤＬ中…
  階層ナンバー: 0   (R.Func:12 )
  このページはすでにＤＬ済みです。
http://www5a.biglobe.ne.jp/~todoroki/psi.htmからＤＬ中…
  階層ナンバー: 0   (R.Func:12 )
  このページはすでにＤＬ済みです。
http://www5a.biglobe.ne.jp/~todoroki/jhs.htmからＤＬ中…
  階層ナンバー: 0   (R.Func:12 )
  このページはすでにＤＬ済みです。
http://www5a.biglobe.ne.jp/~todoroki/hs.htmからＤＬ中…
  階層ナンバー: 0   (R.Func:12 )
  コードを変換＆リンク先を調査中…
  37個のリンク先が見つかりました。
  リンク内容をチェック中･･･
  埋め込みデータをＤＬ中…
    i_16.pdf
    is_16.pdf
    is_13.pdf
    is_112_1.pdf
    is_112_2.pdf
    i1Div6.gif
    1Div6.gif
    is1Div3.gif
    is1Div12_1.gif
    is1Div12_2.gif
  埋め込みデータのＤＬを完了。
http://www5a.biglobe.ne.jp/~todoroki/mainstyle.cssからＤＬ中…
  階層ナンバー: 0   (R.Func:13 )
  このページはすでにＤＬ済みです。
http://www5a.biglobe.ne.jp/~todoroki/index.htmlからＤＬ中…
  階層ナンバー: 0   (R.Func:13 )
  このページはすでにＤＬ済みです。
http://www5a.biglobe.ne.jp/~todoroki/theo_1.htmからＤＬ中…
  階層ナンバー: 0   (R.Func:13 )
  コードを変換＆リンク先を調査中…
  47個のリンク先が見つかりました。
  リンク内容をチェック中･･･
  埋め込みデータをＤＬ中…
    theo_1_01.gif
    theo_1_02.gif
    theo_1_03.gif
    theo_1_04.gif
    theo_1_05.gif
    theo_1_06.gif
    theo_1_07.gif
    theo_1_08.gif
    theo_1_09.gif
    theo_1_10.gif
    theo_1_11.gif
    theo_1_12.gif
    theo_1_13.gif
    theo_1_14.gif
    theo_1_15.gif
    theo_1_16.gif
    theo_1_17.gif
    theo_1_18.gif
    theo_1_19.gif
    theo_1_20.gif
  埋め込みデータのＤＬを完了。
http://www5a.biglobe.ne.jp/~todoroki/mainstyle.cssからＤＬ中…
  階層ナンバー: 0   (R.Func:14 )
  このページはすでにＤＬ済みです。
http://www5a.biglobe.ne.jp/~todoroki/index.htmからＤＬ中…
  階層ナンバー: 0   (R.Func:14 )
  このページはすでにＤＬ済みです。
http://www5a.biglobe.ne.jp/~todoroki/i.htmからＤＬ中…
  階層ナンバー: 0   (R.Func:14 )
  このページはすでにＤＬ済みです。
http://www5a.biglobe.ne.jp/~todoroki/p.htmからＤＬ中…
  階層ナンバー: 0   (R.Func:14 )
  このページはすでにＤＬ済みです。
http://www5a.biglobe.ne.jp/~todoroki/c.htmからＤＬ中…
  階層ナンバー: 0   (R.Func:14 )
  このページはすでにＤＬ済みです。
http://www5a.biglobe.ne.jp/~todoroki/e.htmからＤＬ中…
  階層ナンバー: 0   (R.Func:14 )
  このページはすでにＤＬ済みです。
http://www5a.biglobe.ne.jp/~todoroki/r.htmからＤＬ中…
  階層ナンバー: 0   (R.Func:14 )
  このページはすでにＤＬ済みです。
http://www5a.biglobe.ne.jp/~todoroki/map.htmからＤＬ中…
  階層ナンバー: 0   (R.Func:14 )
  このページはすでにＤＬ済みです。
http://www5a.biglobe.ne.jp/~todoroki/psi.htmからＤＬ中…
  階層ナンバー: 0   (R.Func:14 )
  このページはすでにＤＬ済みです。
http://www5a.biglobe.ne.jp/~todoroki/jhs.htmからＤＬ中…
  階層ナンバー: 0   (R.Func:14 )
  このページはすでにＤＬ済みです。
http://www5a.biglobe.ne.jp/~todoroki/hs.htmからＤＬ中…
  階層ナンバー: 0   (R.Func:14 )
  このページはすでにＤＬ済みです。
http://www5a.biglobe.ne.jp/~todoroki/nct.htmからＤＬ中…
  階層ナンバー: 0   (R.Func:14 )
  このページはすでにＤＬ済みです。
http://www5a.biglobe.ne.jp/~todoroki/t_m.htmからＤＬ中…
  階層ナンバー: 0   (R.Func:14 )
  このページはすでにＤＬ済みです。
http://www5a.biglobe.ne.jp/~todoroki/theo_1.htmからＤＬ中…
  階層ナンバー: 0   (R.Func:14 )
  このページはすでにＤＬ済みです。
http://www5a.biglobe.ne.jp/~todoroki/theo_2.htmからＤＬ中…
  階層ナンバー: 0   (R.Func:14 )
  コードを変換＆リンク先を調査中…
  37個のリンク先が見つかりました。
  リンク内容をチェック中･･･
  埋め込みデータをＤＬ中…
    theo_2_01.gif
    theo_2_02.gif
    theo_2_03.gif
    theo_2_04.gif
    theo_2_05.gif
    theo_2_06.gif
    theo_2_07.gif
    theo_2_08.gif
    theo_2_09.gif
    theo_2_10.gif
  埋め込みデータのＤＬを完了。
http://www5a.biglobe.ne.jp/~todoroki/mainstyle.cssからＤＬ中…
  階層ナンバー: 0   (R.Func:15 )
  このページはすでにＤＬ済みです。
http://www5a.biglobe.ne.jp/~todoroki/index.htmからＤＬ中…
  階層ナンバー: 0   (R.Func:15 )
  このページはすでにＤＬ済みです。
http://www5a.biglobe.ne.jp/~todoroki/i.htmからＤＬ中…
  階層ナンバー: 0   (R.Func:15 )
  このページはすでにＤＬ済みです。
http://www5a.biglobe.ne.jp/~todoroki/p.htmからＤＬ中…
  階層ナンバー: 0   (R.Func:15 )
  このページはすでにＤＬ済みです。
http://www5a.biglobe.ne.jp/~todoroki/c.htmからＤＬ中…
  階層ナンバー: 0   (R.Func:15 )
  このページはすでにＤＬ済みです。
http://www5a.biglobe.ne.jp/~todoroki/e.htmからＤＬ中…
  階層ナンバー: 0   (R.Func:15 )
  このページはすでにＤＬ済みです。
http://www5a.biglobe.ne.jp/~todoroki/r.htmからＤＬ中…
  階層ナンバー: 0   (R.Func:15 )
  このページはすでにＤＬ済みです。
http://www5a.biglobe.ne.jp/~todoroki/map.htmからＤＬ中…
  階層ナンバー: 0   (R.Func:15 )
  このページはすでにＤＬ済みです。
http://www5a.biglobe.ne.jp/~todoroki/psi.htmからＤＬ中…
  階層ナンバー: 0   (R.Func:15 )
  このページはすでにＤＬ済みです。
http://www5a.biglobe.ne.jp/~todoroki/jhs.htmからＤＬ中…
  階層ナンバー: 0   (R.Func:15 )
  このページはすでにＤＬ済みです。
http://www5a.biglobe.ne.jp/~todoroki/hs.htmからＤＬ中…
  階層ナンバー: 0   (R.Func:15 )
  このページはすでにＤＬ済みです。
http://www5a.biglobe.ne.jp/~todoroki/nct.htmからＤＬ中…
  階層ナンバー: 0   (R.Func:15 )
  このページはすでにＤＬ済みです。
http://www5a.biglobe.ne.jp/~todoroki/t_m.htmからＤＬ中…
  階層ナンバー: 0   (R.Func:15 )
  このページはすでにＤＬ済みです。
http://www5a.biglobe.ne.jp/~todoroki/theo_1.htmからＤＬ中…
  階層ナンバー: 0   (R.Func:15 )
  このページはすでにＤＬ済みです。
http://www5a.biglobe.ne.jp/~todoroki/theo_2.htmからＤＬ中…
  階層ナンバー: 0   (R.Func:15 )
  このページはすでにＤＬ済みです。
http://www5a.biglobe.ne.jp/~todoroki/theo_3.htmからＤＬ中…
  階層ナンバー: 0   (R.Func:15 )
  コードを変換＆リンク先を調査中…
  34個のリンク先が見つかりました。
  リンク内容をチェック中･･･
  埋め込みデータをＤＬ中…
    theo_3_01.gif
    theo_3_02.gif
    theo_3_03.gif
    theo_3_04.gif
    theo_3_05.gif
    theo_3_06.gif
    theo_3_07.gif
  埋め込みデータのＤＬを完了。
http://www5a.biglobe.ne.jp/~todoroki/mainstyle.cssからＤＬ中…
  階層ナンバー: 0   (R.Func:16 )
  このページはすでにＤＬ済みです。
http://www5a.biglobe.ne.jp/~todoroki/index.htmからＤＬ中…
  階層ナンバー: 0   (R.Func:16 )
  このページはすでにＤＬ済みです。
http://www5a.biglobe.ne.jp/~todoroki/i.htmからＤＬ中…
  階層ナンバー: 0   (R.Func:16 )
  このページはすでにＤＬ済みです。
http://www5a.biglobe.ne.jp/~todoroki/p.htmからＤＬ中…
  階層ナンバー: 0   (R.Func:16 )
  このページはすでにＤＬ済みです。
http://www5a.biglobe.ne.jp/~todoroki/c.htmからＤＬ中…
  階層ナンバー: 0   (R.Func:16 )
  このページはすでにＤＬ済みです。
http://www5a.biglobe.ne.jp/~todoroki/e.htmからＤＬ中…
  階層ナンバー: 0   (R.Func:16 )
  このページはすでにＤＬ済みです。
http://www5a.biglobe.ne.jp/~todoroki/r.htmからＤＬ中…
  階層ナンバー: 0   (R.Func:16 )
  このページはすでにＤＬ済みです。
http://www5a.biglobe.ne.jp/~todoroki/map.htmからＤＬ中…
  階層ナンバー: 0   (R.Func:16 )
  このページはすでにＤＬ済みです。
http://www5a.biglobe.ne.jp/~todoroki/psi.htmからＤＬ中…
  階層ナンバー: 0   (R.Func:16 )
  このページはすでにＤＬ済みです。
http://www5a.biglobe.ne.jp/~todoroki/jhs.htmからＤＬ中…
  階層ナンバー: 0   (R.Func:16 )
  このページはすでにＤＬ済みです。
http://www5a.biglobe.ne.jp/~todoroki/hs.htmからＤＬ中…
  階層ナンバー: 0   (R.Func:16 )
  このページはすでにＤＬ済みです。
http://www5a.biglobe.ne.jp/~todoroki/nct.htmからＤＬ中…
  階層ナンバー: 0   (R.Func:16 )
  このページはすでにＤＬ済みです。
http://www5a.biglobe.ne.jp/~todoroki/t_m.htmからＤＬ中…
  階層ナンバー: 0   (R.Func:16 )
  このページはすでにＤＬ済みです。
http://www5a.biglobe.ne.jp/~todoroki/theo_1.htmからＤＬ中…
  階層ナンバー: 0   (R.Func:16 )
  このページはすでにＤＬ済みです。
http://www5a.biglobe.ne.jp/~todoroki/theo_2.htmからＤＬ中…
  階層ナンバー: 0   (R.Func:16 )
  このページはすでにＤＬ済みです。
http://www5a.biglobe.ne.jp/~todoroki/theo_3.htmからＤＬ中…
  階層ナンバー: 0   (R.Func:16 )
  このページはすでにＤＬ済みです。
http://www5a.biglobe.ne.jp/~todoroki/theo_4.htmからＤＬ中…
  階層ナンバー: 0   (R.Func:16 )
  コードを変換＆リンク先を調査中…
  46個のリンク先が見つかりました。
  リンク内容をチェック中･･･
  埋め込みデータをＤＬ中…
    theo_4_01.gif
    theo_4_02.gif
    theo_4_03.gif
    theo_4_04.gif
    theo_4_05.gif
    theo_4_06.gif
    theo_4_07.gif
    theo_4_08.gif
    theo_4_09.gif
    theo_4_10.gif
    theo_4_11.gif
    theo_4_12.gif
    theo_4_13.gif
    theo_4_14.gif
    theo_4_15.gif
    theo_4_16.gif
    theo_4_17.gif
    theo_4_18.gif
    theo_4_19.gif
  埋め込みデータのＤＬを完了。
http://www5a.biglobe.ne.jp/~todoroki/mainstyle.cssからＤＬ中…
  階層ナンバー: 0   (R.Func:17 )
  このページはすでにＤＬ済みです。
http://www5a.biglobe.ne.jp/~todoroki/index.htmからＤＬ中…
  階層ナンバー: 0   (R.Func:17 )
  このページはすでにＤＬ済みです。
http://www5a.biglobe.ne.jp/~todoroki/i.htmからＤＬ中…
  階層ナンバー: 0   (R.Func:17 )
  このページはすでにＤＬ済みです。
http://www5a.biglobe.ne.jp/~todoroki/p.htmからＤＬ中…
  階層ナンバー: 0   (R.Func:17 )
  このページはすでにＤＬ済みです。
http://www5a.biglobe.ne.jp/~todoroki/c.htmからＤＬ中…
  階層ナンバー: 0   (R.Func:17 )
  このページはすでにＤＬ済みです。
http://www5a.biglobe.ne.jp/~todoroki/e.htmからＤＬ中…
  階層ナンバー: 0   (R.Func:17 )
  このページはすでにＤＬ済みです。
http://www5a.biglobe.ne.jp/~todoroki/r.htmからＤＬ中…
  階層ナンバー: 0   (R.Func:17 )
  このページはすでにＤＬ済みです。
http://www5a.biglobe.ne.jp/~todoroki/map.htmからＤＬ中…
  階層ナンバー: 0   (R.Func:17 )
  このページはすでにＤＬ済みです。
http://www5a.biglobe.ne.jp/~todoroki/psi.htmからＤＬ中…
  階層ナンバー: 0   (R.Func:17 )
  このページはすでにＤＬ済みです。
http://www5a.biglobe.ne.jp/~todoroki/jhs.htmからＤＬ中…
  階層ナンバー: 0   (R.Func:17 )
  このページはすでにＤＬ済みです。
http://www5a.biglobe.ne.jp/~todoroki/hs.htmからＤＬ中…
  階層ナンバー: 0   (R.Func:17 )
  このページはすでにＤＬ済みです。
http://www5a.biglobe.ne.jp/~todoroki/nct.htmからＤＬ中…
  階層ナンバー: 0   (R.Func:17 )
  このページはすでにＤＬ済みです。
http://www5a.biglobe.ne.jp/~todoroki/t_m.htmからＤＬ中…
  階層ナンバー: 0   (R.Func:17 )
  このページはすでにＤＬ済みです。
http://www5a.biglobe.ne.jp/~todoroki/theo_1.htmからＤＬ中…
  階層ナンバー: 0   (R.Func:17 )
  このページはすでにＤＬ済みです。
http://www5a.biglobe.ne.jp/~todoroki/theo_2.htmからＤＬ中…
  階層ナンバー: 0   (R.Func:17 )
  このページはすでにＤＬ済みです。
http://www5a.biglobe.ne.jp/~todoroki/theo_3.htmからＤＬ中…
  階層ナンバー: 0   (R.Func:17 )
  このページはすでにＤＬ済みです。
http://www5a.biglobe.ne.jp/~todoroki/theo_4.htmからＤＬ中…
  階層ナンバー: 0   (R.Func:17 )
  このページはすでにＤＬ済みです。
http://www5a.biglobe.ne.jp/~todoroki/theo_5.htmからＤＬ中…
  階層ナンバー: 0   (R.Func:17 )
  コードを変換＆リンク先を調査中…
  35個のリンク先が見つかりました。
  リンク内容をチェック中･･･
  埋め込みデータをＤＬ中…
    theo_5_01.gif
    theo_5_02.gif
    theo_5_03.gif
    theo_5_04.gif
    theo_5_05.gif
    theo_5_06.gif
    theo_5_07.gif
    theo_5_08.gif
  埋め込みデータのＤＬを完了。
http://www5a.biglobe.ne.jp/~todoroki/mainstyle.cssからＤＬ中…
  階層ナンバー: 0   (R.Func:18 )
  このページはすでにＤＬ済みです。
http://www5a.biglobe.ne.jp/~todoroki/index.htmからＤＬ中…
  階層ナンバー: 0   (R.Func:18 )
  このページはすでにＤＬ済みです。
http://www5a.biglobe.ne.jp/~todoroki/i.htmからＤＬ中…
  階層ナンバー: 0   (R.Func:18 )
  このページはすでにＤＬ済みです。
http://www5a.biglobe.ne.jp/~todoroki/p.htmからＤＬ中…
  階層ナンバー: 0   (R.Func:18 )
  このページはすでにＤＬ済みです。
http://www5a.biglobe.ne.jp/~todoroki/c.htmからＤＬ中…
  階層ナンバー: 0   (R.Func:18 )
  このページはすでにＤＬ済みです。
http://www5a.biglobe.ne.jp/~todoroki/e.htmからＤＬ中…
  階層ナンバー: 0   (R.Func:18 )
  このページはすでにＤＬ済みです。
http://www5a.biglobe.ne.jp/~todoroki/r.htmからＤＬ中…
  階層ナンバー: 0   (R.Func:18 )
  このページはすでにＤＬ済みです。
http://www5a.biglobe.ne.jp/~todoroki/map.htmからＤＬ中…
  階層ナンバー: 0   (R.Func:18 )
  このページはすでにＤＬ済みです。
http://www5a.biglobe.ne.jp/~todoroki/psi.htmからＤＬ中…
  階層ナンバー: 0   (R.Func:18 )
  このページはすでにＤＬ済みです。
http://www5a.biglobe.ne.jp/~todoroki/jhs.htmからＤＬ中…
  階層ナンバー: 0   (R.Func:18 )
  このページはすでにＤＬ済みです。
http://www5a.biglobe.ne.jp/~todoroki/hs.htmからＤＬ中…
  階層ナンバー: 0   (R.Func:18 )
  このページはすでにＤＬ済みです。
http://www5a.biglobe.ne.jp/~todoroki/nct.htmからＤＬ中…
  階層ナンバー: 0   (R.Func:18 )
  このページはすでにＤＬ済みです。
http://www5a.biglobe.ne.jp/~todoroki/t_m.htmからＤＬ中…
  階層ナンバー: 0   (R.Func:18 )
  このページはすでにＤＬ済みです。
http://www5a.biglobe.ne.jp/~todoroki/theo_1.htmからＤＬ中…
  階層ナンバー: 0   (R.Func:18 )
  このページはすでにＤＬ済みです。
http://www5a.biglobe.ne.jp/~todoroki/theo_2.htmからＤＬ中…
  階層ナンバー: 0   (R.Func:18 )
  このページはすでにＤＬ済みです。
http://www5a.biglobe.ne.jp/~todoroki/theo_3.htmからＤＬ中…
  階層ナンバー: 0   (R.Func:18 )
  このページはすでにＤＬ済みです。
http://www5a.biglobe.ne.jp/~todoroki/theo_4.htmからＤＬ中…
  階層ナンバー: 0   (R.Func:18 )
  このページはすでにＤＬ済みです。
http://www5a.biglobe.ne.jp/~todoroki/theo_5.htmからＤＬ中…
  階層ナンバー: 0   (R.Func:18 )
  このページはすでにＤＬ済みです。
http://www5a.biglobe.ne.jp/~todoroki/to_top.jsからＤＬ中…
  階層ナンバー: 0   (R.Func:18 )
  コードを変換＆リンク先を調査中…
  このページにリンクはもうありません。
http://www5a.biglobe.ne.jp/~todoroki/index.htmlからＤＬ中…
  階層ナンバー: 0   (R.Func:18 )
  このページはすでにＤＬ済みです。
ページ「･･･obe.ne.jp/~todoroki/theo_5.htm」のコンプリートに失敗。
http://www5a.biglobe.ne.jp/~todoroki/to_top.jsからＤＬ中…
  階層ナンバー: 0   (R.Func:17 )
  このページはすでにＤＬ済みです。
http://www5a.biglobe.ne.jp/~todoroki/index.htmlからＤＬ中…
  階層ナンバー: 0   (R.Func:17 )
  このページはすでにＤＬ済みです。
ページ「･･･obe.ne.jp/~todoroki/theo_4.htm」のコンプリートに失敗。
http://www5a.biglobe.ne.jp/~todoroki/theo_5.htmからＤＬ中…
  階層ナンバー: 0   (R.Func:16 )
  このページはすでにＤＬ済みです。
http://www5a.biglobe.ne.jp/~todoroki/to_top.jsからＤＬ中…
  階層ナンバー: 0   (R.Func:16 )
  このページはすでにＤＬ済みです。
http://www5a.biglobe.ne.jp/~todoroki/index.htmlからＤＬ中…
  階層ナンバー: 0   (R.Func:16 )
  このページはすでにＤＬ済みです。
ページ「･･･obe.ne.jp/~todoroki/theo_3.htm」のコンプリートに失敗。
http://www5a.biglobe.ne.jp/~todoroki/theo_4.htmからＤＬ中…
  階層ナンバー: 0   (R.Func:15 )
  このページはすでにＤＬ済みです。
http://www5a.biglobe.ne.jp/~todoroki/theo_5.htmからＤＬ中…
  階層ナンバー: 0   (R.Func:15 )
  このページはすでにＤＬ済みです。
http://www5a.biglobe.ne.jp/~todoroki/to_top.jsからＤＬ中…
  階層ナンバー: 0   (R.Func:15 )
  このページはすでにＤＬ済みです。
http://www5a.biglobe.ne.jp/~todoroki/index.htmlからＤＬ中…
  階層ナンバー: 0   (R.Func:15 )
  このページはすでにＤＬ済みです。
ページ「･･･obe.ne.jp/~todoroki/theo_2.htm」のコンプリートに失敗。
http://www5a.biglobe.ne.jp/~todoroki/theo_3.htmからＤＬ中…
  階層ナンバー: 0   (R.Func:14 )
  このページはすでにＤＬ済みです。
http://www5a.biglobe.ne.jp/~todoroki/theo_4.htmからＤＬ中…
  階層ナンバー: 0   (R.Func:14 )
  このページはすでにＤＬ済みです。
http://www5a.biglobe.ne.jp/~todoroki/theo_5.htmからＤＬ中…
  階層ナンバー: 0   (R.Func:14 )
  このページはすでにＤＬ済みです。
http://www5a.biglobe.ne.jp/~todoroki/to_top.jsからＤＬ中…
  階層ナンバー: 0   (R.Func:14 )
  このページはすでにＤＬ済みです。
http://www5a.biglobe.ne.jp/~todoroki/index.htmlからＤＬ中…
  階層ナンバー: 0   (R.Func:14 )
  このページはすでにＤＬ済みです。
ページ「･･･obe.ne.jp/~todoroki/theo_1.htm」のコンプリートに失敗。
http://www5a.biglobe.ne.jp/~todoroki/theo_2.htmからＤＬ中…
  階層ナンバー: 0   (R.Func:13 )
  このページはすでにＤＬ済みです。
http://www5a.biglobe.ne.jp/~todoroki/theo_3.htmからＤＬ中…
  階層ナンバー: 0   (R.Func:13 )
  このページはすでにＤＬ済みです。
http://www5a.biglobe.ne.jp/~todoroki/theo_4.htmからＤＬ中…
  階層ナンバー: 0   (R.Func:13 )
  このページはすでにＤＬ済みです。
http://www5a.biglobe.ne.jp/~todoroki/theo_5.htmからＤＬ中…
  階層ナンバー: 0   (R.Func:13 )
  このページはすでにＤＬ済みです。
http://www5a.biglobe.ne.jp/~todoroki/t_m.htmからＤＬ中…
  階層ナンバー: 0   (R.Func:13 )
  このページはすでにＤＬ済みです。
http://www5a.biglobe.ne.jp/~todoroki/index.htmからＤＬ中…
  階層ナンバー: 0   (R.Func:13 )
  このページはすでにＤＬ済みです。
http://www5a.biglobe.ne.jp/~todoroki/i.htmからＤＬ中…
  階層ナンバー: 0   (R.Func:13 )
  このページはすでにＤＬ済みです。
http://www5a.biglobe.ne.jp/~todoroki/p.htmからＤＬ中…
  階層ナンバー: 0   (R.Func:13 )
  このページはすでにＤＬ済みです。
http://www5a.biglobe.ne.jp/~todoroki/c.htmからＤＬ中…
  階層ナンバー: 0   (R.Func:13 )
  このページはすでにＤＬ済みです。
http://www5a.biglobe.ne.jp/~todoroki/e.htmからＤＬ中…
  階層ナンバー: 0   (R.Func:13 )
  このページはすでにＤＬ済みです。
http://www5a.biglobe.ne.jp/~todoroki/r.htmからＤＬ中…
  階層ナンバー: 0   (R.Func:13 )
  このページはすでにＤＬ済みです。
http://www5a.biglobe.ne.jp/~todoroki/map.htmからＤＬ中…
  階層ナンバー: 0   (R.Func:13 )
  このページはすでにＤＬ済みです。
http://www5a.biglobe.ne.jp/~todoroki/psi.htmからＤＬ中…
  階層ナンバー: 0   (R.Func:13 )
  このページはすでにＤＬ済みです。
http://www5a.biglobe.ne.jp/~todoroki/jhs.htmからＤＬ中…
  階層ナンバー: 0   (R.Func:13 )
  このページはすでにＤＬ済みです。
http://www5a.biglobe.ne.jp/~todoroki/hs.htmからＤＬ中…
  階層ナンバー: 0   (R.Func:13 )
  このページはすでにＤＬ済みです。
http://www5a.biglobe.ne.jp/~todoroki/nct.htmからＤＬ中…
  階層ナンバー: 0   (R.Func:13 )
  このページはすでにＤＬ済みです。
http://www5a.biglobe.ne.jp/~todoroki/to_top.jsからＤＬ中…
  階層ナンバー: 0   (R.Func:13 )
  このページはすでにＤＬ済みです。
ページ「･･･biglobe.ne.jp/~todoroki/hs.htm」のコンプリートに失敗。
http://www5a.biglobe.ne.jp/~todoroki/nct.htmからＤＬ中…
  階層ナンバー: 0   (R.Func:12 )
  このページはすでにＤＬ済みです。
http://www5a.biglobe.ne.jp/~todoroki/to_top.jsからＤＬ中…
  階層ナンバー: 0   (R.Func:12 )
  このページはすでにＤＬ済みです。
ページ「･･･iglobe.ne.jp/~todoroki/jhs.htm」のコンプリートに失敗。
http://www5a.biglobe.ne.jp/~todoroki/hs.htmからＤＬ中…
  階層ナンバー: 0   (R.Func:11 )
  このページはすでにＤＬ済みです。
http://www5a.biglobe.ne.jp/~todoroki/nct.htmからＤＬ中…
  階層ナンバー: 0   (R.Func:11 )
  このページはすでにＤＬ済みです。
http://www5a.biglobe.ne.jp/~todoroki/t_m.htmからＤＬ中…
  階層ナンバー: 0   (R.Func:11 )
  このページはすでにＤＬ済みです。
http://www5a.biglobe.ne.jp/~todoroki/to_top.jsからＤＬ中…
  階層ナンバー: 0   (R.Func:11 )
  このページはすでにＤＬ済みです。
http://www5a.biglobe.ne.jp/~todoroki/index.htmlからＤＬ中…
  階層ナンバー: 0   (R.Func:11 )
  このページはすでにＤＬ済みです。
ページ「･･･iglobe.ne.jp/~todoroki/psi.htm」のコンプリートに失敗。
http://www5a.biglobe.ne.jp/~todoroki/jhs.htmからＤＬ中…
  階層ナンバー: 0   (R.Func:10 )
  このページはすでにＤＬ済みです。
http://www5a.biglobe.ne.jp/~todoroki/hs.htmからＤＬ中…
  階層ナンバー: 0   (R.Func:10 )
  このページはすでにＤＬ済みです。
http://www5a.biglobe.ne.jp/~todoroki/nct.htmからＤＬ中…
  階層ナンバー: 0   (R.Func:10 )
  このページはすでにＤＬ済みです。
http://www5a.biglobe.ne.jp/~todoroki/t_m.htmからＤＬ中…
  階層ナンバー: 0   (R.Func:10 )
  このページはすでにＤＬ済みです。
http://www5a.biglobe.ne.jp/~todoroki/to_top.jsからＤＬ中…
  階層ナンバー: 0   (R.Func:10 )
  このページはすでにＤＬ済みです。
http://www5a.biglobe.ne.jp/~todoroki/index.htmlからＤＬ中…
  階層ナンバー: 0   (R.Func:10 )
  このページはすでにＤＬ済みです。
ページ「･･･iglobe.ne.jp/~todoroki/map.htm」のコンプリートに失敗。
http://www5a.biglobe.ne.jp/~todoroki/psi.htmからＤＬ中…
  階層ナンバー: 0   (R.Func:9 )
  このページはすでにＤＬ済みです。
http://www5a.biglobe.ne.jp/~todoroki/jhs.htmからＤＬ中…
  階層ナンバー: 0   (R.Func:9 )
  このページはすでにＤＬ済みです。
http://www5a.biglobe.ne.jp/~todoroki/hs.htmからＤＬ中…
  階層ナンバー: 0   (R.Func:9 )
  このページはすでにＤＬ済みです。
http://www5a.biglobe.ne.jp/~todoroki/nct.htmからＤＬ中…
  階層ナンバー: 0   (R.Func:9 )
  このページはすでにＤＬ済みです。
http://www5a.biglobe.ne.jp/~todoroki/t_m.htmからＤＬ中…
  階層ナンバー: 0   (R.Func:9 )
  このページはすでにＤＬ済みです。
http://www5a.biglobe.ne.jp/~todoroki/to_top.jsからＤＬ中…
  階層ナンバー: 0   (R.Func:9 )
  このページはすでにＤＬ済みです。
http://www5a.biglobe.ne.jp/~todoroki/index.htmlからＤＬ中…
  階層ナンバー: 0   (R.Func:9 )
  このページはすでにＤＬ済みです。
ページ「･･･.biglobe.ne.jp/~todoroki/r.htm」のコンプリートに失敗。
http://www5a.biglobe.ne.jp/~todoroki/map.htmからＤＬ中…
  階層ナンバー: 0   (R.Func:8 )
  このページはすでにＤＬ済みです。
http://www5a.biglobe.ne.jp/~todoroki/psi.htmからＤＬ中…
  階層ナンバー: 0   (R.Func:8 )
  このページはすでにＤＬ済みです。
http://www5a.biglobe.ne.jp/~todoroki/jhs.htmからＤＬ中…
  階層ナンバー: 0   (R.Func:8 )
  このページはすでにＤＬ済みです。
http://www5a.biglobe.ne.jp/~todoroki/hs.htmからＤＬ中…
  階層ナンバー: 0   (R.Func:8 )
  このページはすでにＤＬ済みです。
http://www5a.biglobe.ne.jp/~todoroki/nct.htmからＤＬ中…
  階層ナンバー: 0   (R.Func:8 )
  このページはすでにＤＬ済みです。
http://www5a.biglobe.ne.jp/~todoroki/t_m.htmからＤＬ中…
  階層ナンバー: 0   (R.Func:8 )
  このページはすでにＤＬ済みです。
http://www5a.biglobe.ne.jp/~todoroki/to_top.jsからＤＬ中…
  階層ナンバー: 0   (R.Func:8 )
  このページはすでにＤＬ済みです。
http://www5a.biglobe.ne.jp/~todoroki/index.htmlからＤＬ中…
  階層ナンバー: 0   (R.Func:8 )
  このページはすでにＤＬ済みです。
ページ「･･･.biglobe.ne.jp/~todoroki/e.htm」のコンプリートに失敗。
http://www5a.biglobe.ne.jp/~todoroki/r.htmからＤＬ中…
  階層ナンバー: 0   (R.Func:7 )
  このページはすでにＤＬ済みです。
http://www5a.biglobe.ne.jp/~todoroki/map.htmからＤＬ中…
  階層ナンバー: 0   (R.Func:7 )
  このページはすでにＤＬ済みです。
http://www5a.biglobe.ne.jp/~todoroki/psi.htmからＤＬ中…
  階層ナンバー: 0   (R.Func:7 )
  このページはすでにＤＬ済みです。
http://www5a.biglobe.ne.jp/~todoroki/jhs.htmからＤＬ中…
  階層ナンバー: 0   (R.Func:7 )
  このページはすでにＤＬ済みです。
http://www5a.biglobe.ne.jp/~todoroki/hs.htmからＤＬ中…
  階層ナンバー: 0   (R.Func:7 )
  このページはすでにＤＬ済みです。
http://www5a.biglobe.ne.jp/~todoroki/nct.htmからＤＬ中…
  階層ナンバー: 0   (R.Func:7 )
  このページはすでにＤＬ済みです。
http://www5a.biglobe.ne.jp/~todoroki/t_m.htmからＤＬ中…
  階層ナンバー: 0   (R.Func:7 )
  このページはすでにＤＬ済みです。
http://www5a.biglobe.ne.jp/~todoroki/to_top.jsからＤＬ中…
  階層ナンバー: 0   (R.Func:7 )
  このページはすでにＤＬ済みです。
http://www5a.biglobe.ne.jp/~todoroki/index.htmlからＤＬ中…
  階層ナンバー: 0   (R.Func:7 )
  このページはすでにＤＬ済みです。
ページ「･･･.biglobe.ne.jp/~todoroki/p.htm」のコンプリートに失敗。
http://www5a.biglobe.ne.jp/~todoroki/c.htmからＤＬ中…
  階層ナンバー: 0   (R.Func:6 )
  このページはすでにＤＬ済みです。
http://www5a.biglobe.ne.jp/~todoroki/e.htmからＤＬ中…
  階層ナンバー: 0   (R.Func:6 )
  このページはすでにＤＬ済みです。
http://www5a.biglobe.ne.jp/~todoroki/r.htmからＤＬ中…
  階層ナンバー: 0   (R.Func:6 )
  このページはすでにＤＬ済みです。
http://www5a.biglobe.ne.jp/~todoroki/map.htmからＤＬ中…
  階層ナンバー: 0   (R.Func:6 )
  このページはすでにＤＬ済みです。
http://www5a.biglobe.ne.jp/~todoroki/psi.htmからＤＬ中…
  階層ナンバー: 0   (R.Func:6 )
  このページはすでにＤＬ済みです。
http://www5a.biglobe.ne.jp/~todoroki/jhs.htmからＤＬ中…
  階層ナンバー: 0   (R.Func:6 )
  このページはすでにＤＬ済みです。
http://www5a.biglobe.ne.jp/~todoroki/hs.htmからＤＬ中…
  階層ナンバー: 0   (R.Func:6 )
  このページはすでにＤＬ済みです。
http://www5a.biglobe.ne.jp/~todoroki/nct.htmからＤＬ中…
  階層ナンバー: 0   (R.Func:6 )
  このページはすでにＤＬ済みです。
http://www5a.biglobe.ne.jp/~todoroki/t_m.htmからＤＬ中…
  階層ナンバー: 0   (R.Func:6 )
  このページはすでにＤＬ済みです。
http://www5a.biglobe.ne.jp/~todoroki/to_top.jsからＤＬ中…
  階層ナンバー: 0   (R.Func:6 )
  このページはすでにＤＬ済みです。
http://www5a.biglobe.ne.jp/~todoroki/index.htmlからＤＬ中…
  階層ナンバー: 0   (R.Func:6 )
  このページはすでにＤＬ済みです。
ページ「･･･.biglobe.ne.jp/~todoroki/c.htm」のコンプリートに失敗。
http://www5a.biglobe.ne.jp/~todoroki/index.htmからＤＬ中…
  階層ナンバー: 0   (R.Func:5 )
  このページはすでにＤＬ済みです。
http://www5a.biglobe.ne.jp/~todoroki/i.htmからＤＬ中…
  階層ナンバー: 0   (R.Func:5 )
  このページはすでにＤＬ済みです。
http://www5a.biglobe.ne.jp/~todoroki/p.htmからＤＬ中…
  階層ナンバー: 0   (R.Func:5 )
  このページはすでにＤＬ済みです。
http://www5a.biglobe.ne.jp/~todoroki/e.htmからＤＬ中…
  階層ナンバー: 0   (R.Func:5 )
  このページはすでにＤＬ済みです。
http://www5a.biglobe.ne.jp/~todoroki/r.htmからＤＬ中…
  階層ナンバー: 0   (R.Func:5 )
  このページはすでにＤＬ済みです。
http://www5a.biglobe.ne.jp/~todoroki/map.htmからＤＬ中…
  階層ナンバー: 0   (R.Func:5 )
  このページはすでにＤＬ済みです。
http://www5a.biglobe.ne.jp/~todoroki/psi.htmからＤＬ中…
  階層ナンバー: 0   (R.Func:5 )
  このページはすでにＤＬ済みです。
http://www5a.biglobe.ne.jp/~todoroki/jhs.htmからＤＬ中…
  階層ナンバー: 0   (R.Func:5 )
  このページはすでにＤＬ済みです。
http://www5a.biglobe.ne.jp/~todoroki/hs.htmからＤＬ中…
  階層ナンバー: 0   (R.Func:5 )
  このページはすでにＤＬ済みです。
http://www5a.biglobe.ne.jp/~todoroki/nct.htmからＤＬ中…
  階層ナンバー: 0   (R.Func:5 )
  このページはすでにＤＬ済みです。
http://www5a.biglobe.ne.jp/~todoroki/t_m.htmからＤＬ中…
  階層ナンバー: 0   (R.Func:5 )
  このページはすでにＤＬ済みです。
http://www5a.biglobe.ne.jp/~todoroki/to_top.jsからＤＬ中…
  階層ナンバー: 0   (R.Func:5 )
  このページはすでにＤＬ済みです。
http://www5a.biglobe.ne.jp/~todoroki/index.htmlからＤＬ中…
  階層ナンバー: 0   (R.Func:5 )
  このページはすでにＤＬ済みです。
ページ「･･･.biglobe.ne.jp/~todoroki/i.htm」のコンプリートに失敗。
http://www5a.biglobe.ne.jp/~todoroki/p.htmからＤＬ中…
  階層ナンバー: 0   (R.Func:4 )
  このページはすでにＤＬ済みです。
http://www5a.biglobe.ne.jp/~todoroki/c.htmからＤＬ中…
  階層ナンバー: 0   (R.Func:4 )
  このページはすでにＤＬ済みです。
http://www5a.biglobe.ne.jp/~todoroki/e.htmからＤＬ中…
  階層ナンバー: 0   (R.Func:4 )
  このページはすでにＤＬ済みです。
http://www5a.biglobe.ne.jp/~todoroki/r.htmからＤＬ中…
  階層ナンバー: 0   (R.Func:4 )
  このページはすでにＤＬ済みです。
http://www5a.biglobe.ne.jp/~todoroki/map.htmからＤＬ中…
  階層ナンバー: 0   (R.Func:4 )
  このページはすでにＤＬ済みです。
http://www5a.biglobe.ne.jp/~todoroki/psi.htmからＤＬ中…
  階層ナンバー: 0   (R.Func:4 )
  このページはすでにＤＬ済みです。
http://www5a.biglobe.ne.jp/~todoroki/jhs.htmからＤＬ中…
  階層ナンバー: 0   (R.Func:4 )
  このページはすでにＤＬ済みです。
http://www5a.biglobe.ne.jp/~todoroki/hs.htmからＤＬ中…
  階層ナンバー: 0   (R.Func:4 )
  このページはすでにＤＬ済みです。
http://www5a.biglobe.ne.jp/~todoroki/nct.htmからＤＬ中…
  階層ナンバー: 0   (R.Func:4 )
  このページはすでにＤＬ済みです。
http://www5a.biglobe.ne.jp/~todoroki/to_top.jsからＤＬ中…
  階層ナンバー: 0   (R.Func:4 )
  このページはすでにＤＬ済みです。
http://www5a.biglobe.ne.jp/~todoroki/index.htmlからＤＬ中…
  階層ナンバー: 0   (R.Func:4 )
  このページはすでにＤＬ済みです。
ページ「･･･lobe.ne.jp/~todoroki/index.htm」のコンプリートに失敗。
http://www5a.biglobe.ne.jp/~todoroki/i.htmからＤＬ中…
  階層ナンバー: 0   (R.Func:3 )
  このページはすでにＤＬ済みです。
http://www5a.biglobe.ne.jp/~todoroki/p.htmからＤＬ中…
  階層ナンバー: 0   (R.Func:3 )
  このページはすでにＤＬ済みです。
http://www5a.biglobe.ne.jp/~todoroki/c.htmからＤＬ中…
  階層ナンバー: 0   (R.Func:3 )
  このページはすでにＤＬ済みです。
http://www5a.biglobe.ne.jp/~todoroki/e.htmからＤＬ中…
  階層ナンバー: 0   (R.Func:3 )
  このページはすでにＤＬ済みです。
http://www5a.biglobe.ne.jp/~todoroki/r.htmからＤＬ中…
  階層ナンバー: 0   (R.Func:3 )
  このページはすでにＤＬ済みです。
http://www5a.biglobe.ne.jp/~todoroki/map.htmからＤＬ中…
  階層ナンバー: 0   (R.Func:3 )
  このページはすでにＤＬ済みです。
http://www5a.biglobe.ne.jp/~todoroki/psi.htmからＤＬ中…
  階層ナンバー: 0   (R.Func:3 )
  このページはすでにＤＬ済みです。
http://www5a.biglobe.ne.jp/~todoroki/jhs.htmからＤＬ中…
  階層ナンバー: 0   (R.Func:3 )
  このページはすでにＤＬ済みです。
http://www5a.biglobe.ne.jp/~todoroki/hs.htmからＤＬ中…
  階層ナンバー: 0   (R.Func:3 )
  このページはすでにＤＬ済みです。
http://www5a.biglobe.ne.jp/~todoroki/nct.htmからＤＬ中…
  階層ナンバー: 0   (R.Func:3 )
  このページはすでにＤＬ済みです。
http://www5a.biglobe.ne.jp/~todoroki/t_m.htmからＤＬ中…
  階層ナンバー: 0   (R.Func:3 )
  このページはすでにＤＬ済みです。
http://www5a.biglobe.ne.jp/~todoroki/to_top.jsからＤＬ中…
  階層ナンバー: 0   (R.Func:3 )
  このページはすでにＤＬ済みです。
ページ「･･･iglobe.ne.jp/~todoroki/t_m.htm」のコンプリートに失敗。
http://www5a.biglobe.ne.jp/~todoroki/index.htmからＤＬ中…
  階層ナンバー: 0   (R.Func:2 )
  このページはすでにＤＬ済みです。
http://www5a.biglobe.ne.jp/~todoroki/i.htmからＤＬ中…
  階層ナンバー: 0   (R.Func:2 )
  このページはすでにＤＬ済みです。
http://www5a.biglobe.ne.jp/~todoroki/p.htmからＤＬ中…
  階層ナンバー: 0   (R.Func:2 )
  このページはすでにＤＬ済みです。
http://www5a.biglobe.ne.jp/~todoroki/c.htmからＤＬ中…
  階層ナンバー: 0   (R.Func:2 )
  このページはすでにＤＬ済みです。
http://www5a.biglobe.ne.jp/~todoroki/e.htmからＤＬ中…
  階層ナンバー: 0   (R.Func:2 )
  このページはすでにＤＬ済みです。
http://www5a.biglobe.ne.jp/~todoroki/r.htmからＤＬ中…
  階層ナンバー: 0   (R.Func:2 )
  このページはすでにＤＬ済みです。
http://www5a.biglobe.ne.jp/~todoroki/map.htmからＤＬ中…
  階層ナンバー: 0   (R.Func:2 )
  このページはすでにＤＬ済みです。
http://www5a.biglobe.ne.jp/~todoroki/psi.htmからＤＬ中…
  階層ナンバー: 0   (R.Func:2 )
  このページはすでにＤＬ済みです。
http://www5a.biglobe.ne.jp/~todoroki/jhs.htmからＤＬ中…
  階層ナンバー: 0   (R.Func:2 )
  このページはすでにＤＬ済みです。
http://www5a.biglobe.ne.jp/~todoroki/hs.htmからＤＬ中…
  階層ナンバー: 0   (R.Func:2 )
  このページはすでにＤＬ済みです。
http://www5a.biglobe.ne.jp/~todoroki/nct.htmからＤＬ中…
  階層ナンバー: 0   (R.Func:2 )
  このページはすでにＤＬ済みです。
http://www5a.biglobe.ne.jp/~todoroki/to_top.jsからＤＬ中…
  階層ナンバー: 0   (R.Func:2 )
  このページはすでにＤＬ済みです。
http://www5a.biglobe.ne.jp/~todoroki/index.htmlからＤＬ中…
  階層ナンバー: 0   (R.Func:2 )
  このページはすでにＤＬ済みです。
ページ「･･･obe.ne.jp/~todoroki/index.html」のコンプリートに失敗。
http://www5a.biglobe.ne.jp/~todoroki/t_m.htmからＤＬ中…
  階層ナンバー: 0   (R.Func:1 )
  このページはすでにＤＬ済みです。
http://www5a.biglobe.ne.jp/~todoroki/index.htmからＤＬ中…
  階層ナンバー: 0   (R.Func:1 )
  このページはすでにＤＬ済みです。
http://www5a.biglobe.ne.jp/~todoroki/i.htmからＤＬ中…
  階層ナンバー: 0   (R.Func:1 )
  このページはすでにＤＬ済みです。
http://www5a.biglobe.ne.jp/~todoroki/p.htmからＤＬ中…
  階層ナンバー: 0   (R.Func:1 )
  このページはすでにＤＬ済みです。
http://www5a.biglobe.ne.jp/~todoroki/c.htmからＤＬ中…
  階層ナンバー: 0   (R.Func:1 )
  このページはすでにＤＬ済みです。
http://www5a.biglobe.ne.jp/~todoroki/e.htmからＤＬ中…
  階層ナンバー: 0   (R.Func:1 )
  このページはすでにＤＬ済みです。
http://www5a.biglobe.ne.jp/~todoroki/r.htmからＤＬ中…
  階層ナンバー: 0   (R.Func:1 )
  このページはすでにＤＬ済みです。
http://www5a.biglobe.ne.jp/~todoroki/map.htmからＤＬ中…
  階層ナンバー: 0   (R.Func:1 )
  このページはすでにＤＬ済みです。
http://www5a.biglobe.ne.jp/~todoroki/psi.htmからＤＬ中…
  階層ナンバー: 0   (R.Func:1 )
  このページはすでにＤＬ済みです。
http://www5a.biglobe.ne.jp/~todoroki/jhs.htmからＤＬ中…
  階層ナンバー: 0   (R.Func:1 )
  このページはすでにＤＬ済みです。
http://www5a.biglobe.ne.jp/~todoroki/hs.htmからＤＬ中…
  階層ナンバー: 0   (R.Func:1 )
  このページはすでにＤＬ済みです。
http://www5a.biglobe.ne.jp/~todoroki/nct.htmからＤＬ中…
  階層ナンバー: 0   (R.Func:1 )
  このページはすでにＤＬ済みです。
http://www5a.biglobe.ne.jp/~todoroki/to_top.jsからＤＬ中…
  階層ナンバー: 0   (R.Func:1 )
  このページはすでにＤＬ済みです。
◆◇◆◇◆◇
サイト保存を終了しました。
所要時間：3分29秒　　／　　総発見ファイル数：574（※重複あり）
