CompleteGetter Ver3.30〜
C:\Users\Ryuki\Desktop\Todoroki_copy\新規ページ.files\
nct.htm
http://www5a.biglobe.ne.jp/~todoroki/
nct.htm
262913
0
20
--- Dummy -------------------------------
C:\Users\Ryuki\Desktop\Todoroki_copy\新規ページ.files\mainstyle.css
http://www5a.biglobe.ne.jp/~todoroki/mainstyle.css
0
6162
C:\Users\Ryuki\Desktop\Todoroki_copy\新規ページ.files\to_top.js
http://www5a.biglobe.ne.jp/~todoroki/to_top.js
0
992
C:\Users\Ryuki\Desktop\Todoroki_copy\新規ページ.files\theo_5.htm
http://www5a.biglobe.ne.jp/~todoroki/theo_5.htm
0
5240
C:\Users\Ryuki\Desktop\Todoroki_copy\新規ページ.files\theo_4.htm
http://www5a.biglobe.ne.jp/~todoroki/theo_4.htm
0
6893
C:\Users\Ryuki\Desktop\Todoroki_copy\新規ページ.files\theo_3.htm
http://www5a.biglobe.ne.jp/~todoroki/theo_3.htm
0
5279
C:\Users\Ryuki\Desktop\Todoroki_copy\新規ページ.files\theo_2.htm
http://www5a.biglobe.ne.jp/~todoroki/theo_2.htm
0
5807
C:\Users\Ryuki\Desktop\Todoroki_copy\新規ページ.files\theo_1.htm
http://www5a.biglobe.ne.jp/~todoroki/theo_1.htm
0
6895
C:\Users\Ryuki\Desktop\Todoroki_copy\新規ページ.files\hs.htm
http://www5a.biglobe.ne.jp/~todoroki/hs.htm
0
7960
C:\Users\Ryuki\Desktop\Todoroki_copy\新規ページ.files\jhs.htm
http://www5a.biglobe.ne.jp/~todoroki/jhs.htm
0
7483
C:\Users\Ryuki\Desktop\Todoroki_copy\新規ページ.files\psi.htm
http://www5a.biglobe.ne.jp/~todoroki/psi.htm
0
55142
C:\Users\Ryuki\Desktop\Todoroki_copy\新規ページ.files\map.htm
http://www5a.biglobe.ne.jp/~todoroki/map.htm
0
4199
C:\Users\Ryuki\Desktop\Todoroki_copy\新規ページ.files\r.htm
http://www5a.biglobe.ne.jp/~todoroki/r.htm
0
10451
C:\Users\Ryuki\Desktop\Todoroki_copy\新規ページ.files\e.htm
http://www5a.biglobe.ne.jp/~todoroki/e.htm
0
4433
C:\Users\Ryuki\Desktop\Todoroki_copy\新規ページ.files\p.htm
http://www5a.biglobe.ne.jp/~todoroki/p.htm
0
4270
C:\Users\Ryuki\Desktop\Todoroki_copy\新規ページ.files\c.htm
http://www5a.biglobe.ne.jp/~todoroki/c.htm
0
5503
C:\Users\Ryuki\Desktop\Todoroki_copy\新規ページ.files\i.htm
http://www5a.biglobe.ne.jp/~todoroki/i.htm
0
5863
C:\Users\Ryuki\Desktop\Todoroki_copy\新規ページ.files\index.htm
http://www5a.biglobe.ne.jp/~todoroki/index.htm
0
52371
C:\Users\Ryuki\Desktop\Todoroki_copy\新規ページ.files\t_m.htm
http://www5a.biglobe.ne.jp/~todoroki/t_m.htm
0
21200
C:\Users\Ryuki\Desktop\Todoroki_copy\新規ページ.files\index.html
http://www5a.biglobe.ne.jp/~todoroki/index.html
0
52371
C:\Users\Ryuki\Desktop\Todoroki_copy\新規ページ.files\nct.htm
http://www5a.biglobe.ne.jp/~todoroki/nct.htm
0
63408
